
Debug Data

Name                           Value
----                           -----
CoolDownInterval               0
CpuThreads                     2
EnableConsoleLogs              True
EnableWebServer                True
isContainer                    True
isNanoServer                   True
LogicalCores                   2
MaxIntervalDuration            1440
MaxStressCycleInterval         10
MemThreads                     2
MessagePrefix                  UniqueMessagePrefix
Messages                       {[randomized, ... Randomized In…
NoCPU                          False
NoExit                         True
NoMemory                       False
NoStress                       False
PersistLogs                    False
PhysicalMemory                 
RandomizeIntervals             
RandomizeRest                  False
RandomizeStress                False
RestInterval                   5
SendMessages                   True
ShowDebugData                  True
ShowPodInfo                    True
StressDuration                 10
StressEndTime                  11/30/2023 9:48:07 PM
StressInterval                 5
TotalIntervalTime              11
UserIsAdmin                    True
WarmUpInterval                 1
WebServerPort                  8080


POD Information
PodName: TestPod
ServerName: TestServer

Starting ...
... Start Time: 11/30/2023 9:38:08 PM
... End Time: 11/30/2023 9:49:08 PM
... Duration: 11 minutes
... Running in Container: True
... User is Admin: True
... CPU Threads: 2
... Memory Threads: 2
... Warm Interval: 1 minutes
... Cool Interval: 0 minutes
... Stress Cycle: 10 minutes
... Stress Interval: 5 minutes
... Rest Interval: 5 minutes
... Randomized Interval(s): 

Starting web server ...
... Web server started on port 8080.

The SendMessages switch was detected.
Logging test messages with prefix 'UniqueMessagePrefix' every 15 seconds ...

Starting warm up interval ...
... Start Time: 11/30/2023 9:38:11 PM
... End Time: 11/30/2023 9:39:11 PM
... Duration: 1 minutes
... Interval will complete in 1 minute(s) ...
... Interval complete.

Starting stress/rest interval cycle ...
... Start Time: 11/30/2023 9:39:11 PM
... End Time: 11/30/2023 9:49:11 PM
... Duration: 10 minutes

Starting stress interval ...
... Start Time: 11/30/2023 9:39:11 PM
... End Time: 11/30/2023 9:44:11 PM
... Duration: 5 minutes
... CPU Threads: 2
... Memory Threads: 2
... Jobs started: 4
... Interval will complete in 5 minute(s) ...

----------

Name                           Value
----                           -----
CoolDownInterval               0
CpuThreads                     2
EnableConsoleLogs              True
EnableWebServer                True
isContainer                    True
isNanoServer                   True
LogicalCores                   2
MaxIntervalDuration            1440
MaxStressCycleInterval         10
MemThreads                     2
MessagePrefix                  UniqueMessagePrefix
Messages                       {[restint, ... Rest Interval: 5…
NoCPU                          False
NoExit                         True
NoMemory                       False
NoStress                       False
PersistLogs                    False
PhysicalMemory                 
RandomizeIntervals             
RandomizeRest                  False
RandomizeStress                False
RestInterval                   5
SendMessages                   True
ShowDebugData                  True
ShowPodInfo                    True
StressDuration                 10
StressEndTime                  11/30/2023 10:18:23 PM
StressInterval                 5
TotalIntervalTime              11
UserIsAdmin                    True
WarmUpInterval                 1
WebServerPort                  8080


Debug Data

Name                           Value
----                           -----
CoolDownInterval               0
CpuThreads                     2
EnableConsoleLogs              True
EnableWebServer                True
isContainer                    True
isNanoServer                   True
LogicalCores                   2
MaxIntervalDuration            1440
MaxStressCycleInterval         10
MemThreads                     2
MessagePrefix                  UniqueMessagePrefix
Messages                       {[restint, ... Rest Interval: 5…
NoCPU                          False
NoExit                         True
NoMemory                       False
NoStress                       False
PersistLogs                    False
PhysicalMemory                 
RandomizeIntervals             
RandomizeRest                  False
RandomizeStress                False
RestInterval                   5
SendMessages                   True
ShowDebugData                  True
ShowPodInfo                    True
StressDuration                 10
StressEndTime                  11/30/2023 10:18:23 PM
StressInterval                 5
TotalIntervalTime              11
UserIsAdmin                    True
WarmUpInterval                 1
WebServerPort                  8080


----------

Name                           Value
----                           -----
CoolDownInterval               0
CpuThreads                     2
EnableConsoleLogs              True
EnableWebServer                True
isContainer                    True
isNanoServer                   True
LogicalCores                   2
MaxIntervalDuration            1440
MaxStressCycleInterval         10
MemThreads                     2
MessagePrefix                  UniqueMessagePrefix
Messages                       {[restint, ... Rest Interval: 5…
NoCPU                          False
NoExit                         True
NoMemory                       False
NoStress                       False
PersistLogs                    False
PhysicalMemory                 
RandomizeIntervals             
RandomizeRest                  False
RandomizeStress                False
RestInterval                   5
SendMessages                   True
ShowDebugData                  True
ShowPodInfo                    True
StressDuration                 10
StressEndTime                  11/30/2023 10:18:23 PM
StressInterval                 5
TotalIntervalTime              11
UserIsAdmin                    True
WarmUpInterval                 1
WebServerPort                  8080


POD Information
PodName: TestPod
ServerName: TestServer

Starting ...
... Start Time: 11/30/2023 10:08:23 PM
... End Time: 11/30/2023 10:19:23 PM
... Duration: 11 minutes
... Running in Container: True
... User is Admin: True
... CPU Threads: 2
... Memory Threads: 2
... Warm Interval: 1 minutes
... Cool Interval: 0 minutes
... Stress Cycle: 10 minutes
... Stress Interval: 5 minutes
... Rest Interval: 5 minutes
... Randomized Interval(s): 

Starting web server ...
... Web server started on port 8080.

The SendMessages switch was detected.
Logging test messages with prefix 'UniqueMessagePrefix' every 15 seconds ...

Starting warm up interval ...
... Start Time: 11/30/2023 10:08:27 PM
... End Time: 11/30/2023 10:09:27 PM
... Duration: 1 minutes
... Interval will complete in 1 minute(s) ...
... Interval complete.

Starting stress/rest interval cycle ...
... Start Time: 11/30/2023 10:09:27 PM
... End Time: 11/30/2023 10:19:27 PM
... Duration: 10 minutes

Starting stress interval ...
... Start Time: 11/30/2023 10:09:27 PM
... End Time: 11/30/2023 10:14:27 PM
... Duration: 5 minutes
... CPU Threads: 2
... Memory Threads: 2
... Jobs started: 4
... Interval will complete in 5 minute(s) ...
... Interval will complete in 4 minute(s) ...
... Interval will complete in 3 minute(s) ...
... Interval will complete in 2 minute(s) ...
... Interval will complete in 1 minute(s) ...
... Cleaning up jobs ...
... Interval complete.

Starting rest interval ...
... Start Time: 11/30/2023 10:14:37 PM
... End Time: 11/30/2023 10:17:37 PM
... Duration: 3 minutes
... Interval will complete in 3 minute(s) ...
... Interval will complete in 2 minute(s) ...
... Interval will complete in 1 minute(s) ...
... Interval complete.

Starting cool down interval ...
... Start Time: 11/30/2023 10:18:23 PM
... End Time: 11/30/2023 10:18:23 PM
... Duration: 0 minutes
... Interval complete.

All intervals completed.

The NoExit switch was detected.
This process will now wait indefinitely.

Debug Data

Name                           Value
----                           -----
CoolDownInterval               0
CpuThreads                     2
EnableConsoleLogs              True
EnableWebServer                True
isContainer                    True
isNanoServer                   True
LogicalCores                   2
MaxIntervalDuration            1440
MaxStressCycleInterval         10
MemThreads                     2
MessagePrefix                  UniqueMessagePrefix
Messages                       {[nostartws, ... CANNOT START W…
NoCPU                          False
NoExit                         True
NoMemory                       False
NoStress                       False
PersistLogs                    False
PhysicalMemory                 
RandomizeIntervals             
RandomizeRest                  False
RandomizeStress                False
RestInterval                   5
SendMessages                   True
ShowDebugData                  True
ShowPodInfo                    True
StressDuration                 10
StressEndTime                  11/30/2023 10:50:09 PM
StressInterval                 5
TotalIntervalTime              11
UserIsAdmin                    True
WarmUpInterval                 1
WebServerPort                  8080


POD Information
PodName: TestPod
ServerName: TestServer

Starting ...
... Start Time: 11/30/2023 10:40:09 PM
... End Time: 11/30/2023 10:51:09 PM
... Duration: 11 minutes
... Running in Container: True
... User is Admin: True
... CPU Threads: 2
... Memory Threads: 2
... Warm Interval: 1 minutes
... Cool Interval: 0 minutes
... Stress Cycle: 10 minutes
... Stress Interval: 5 minutes
... Rest Interval: 5 minutes
... Randomized Interval(s): 

Starting web server ...
... Web server started on port 8080.

The SendMessages switch was detected.
Logging test messages with prefix 'UniqueMessagePrefix' every 15 seconds ...

Starting warm up interval ...
... Start Time: 11/30/2023 10:40:12 PM
... End Time: 11/30/2023 10:41:12 PM
... Duration: 1 minutes
... Interval will complete in 1 minute(s) ...
... Interval complete.

Starting stress/rest interval cycle ...
... Start Time: 11/30/2023 10:41:12 PM
... End Time: 11/30/2023 10:51:12 PM
... Duration: 10 minutes

Starting stress interval ...
... Start Time: 11/30/2023 10:41:12 PM
... End Time: 11/30/2023 10:46:12 PM
... Duration: 5 minutes
... CPU Threads: 2
... Memory Threads: 2
... Jobs started: 4
... Interval will complete in 5 minute(s) ...
... Interval will complete in 4 minute(s) ...
... Interval will complete in 3 minute(s) ...
... Interval will complete in 2 minute(s) ...
... Interval will complete in 1 minute(s) ...
... Cleaning up jobs ...
... Interval complete.

Starting rest interval ...
... Start Time: 11/30/2023 10:46:24 PM
... End Time: 11/30/2023 10:49:24 PM
... Duration: 3 minutes
... Interval will complete in 3 minute(s) ...
... Interval will complete in 2 minute(s) ...
... Interval will complete in 1 minute(s) ...
... Interval complete.

Starting cool down interval ...
... Start Time: 11/30/2023 10:50:09 PM
... End Time: 11/30/2023 10:50:09 PM
... Duration: 0 minutes
... Interval complete.

All intervals completed.

The NoExit switch was detected.
This process will now wait indefinitely.

Debug Data

Name                           Value
----                           -----
CoolDownInterval               0
CpuThreads                     2
EnableConsoleLogs              True
EnableWebServer                True
isContainer                    True
isNanoServer                   True
LogicalCores                   2
MaxIntervalDuration            1440
MaxStressCycleInterval         10
MemThreads                     2
MessagePrefix                  UniqueMessagePrefix
Messages                       {[cleanup, ... Cleaning up jobs…
NoCPU                          False
NoExit                         True
NoMemory                       False
NoStress                       False
PersistLogs                    False
PhysicalMemory                 
RandomizeIntervals             
RandomizeRest                  False
RandomizeStress                False
RestInterval                   5
SendMessages                   True
ShowDebugData                  True
ShowPodInfo                    True
StressDuration                 10
StressEndTime                  11/30/2023 11:04:00 PM
StressInterval                 5
TotalIntervalTime              11
UserIsAdmin                    True
WarmUpInterval                 1
WebServerPort                  8080


POD Information
PodName: TestPod
ServerName: TestServer

Starting ...
... Start Time: 11/30/2023 10:54:00 PM
... End Time: 11/30/2023 11:05:00 PM
... Duration: 11 minutes
... Running in Container: True
... User is Admin: True
... CPU Threads: 2
... Memory Threads: 2
... Warm Interval: 1 minutes
... Cool Interval: 0 minutes
... Stress Cycle: 10 minutes
... Stress Interval: 5 minutes
... Rest Interval: 5 minutes
... Randomized Interval(s): 

Starting web server ...
... Web server started on port 8080.

The SendMessages switch was detected.
Logging test messages with prefix 'UniqueMessagePrefix' every 15 seconds ...

Starting warm up interval ...
... Start Time: 11/30/2023 10:54:04 PM
... End Time: 11/30/2023 10:55:04 PM
... Duration: 1 minutes
... Interval will complete in 1 minute(s) ...

Debug Data

Name                           Value
----                           -----
CoolDownInterval               0
CpuThreads                     2
EnableConsoleLogs              True
EnableWebServer                True
isContainer                    True
isNanoServer                   True
LogicalCores                   2
MaxIntervalDuration            1440
MaxStressCycleInterval         10
MemThreads                     2
MessagePrefix                  UniqueMessagePrefix
Messages                       {[coolint, ... Cool Interval: 0…
NoCPU                          False
NoExit                         True
NoMemory                       False
NoStress                       False
PersistLogs                    False
PhysicalMemory                 
RandomizeIntervals             
RandomizeRest                  False
RandomizeStress                False
RestInterval                   5
SendMessages                   True
ShowDebugData                  True
ShowPodInfo                    True
StressDuration                 10
StressEndTime                  11/30/2023 11:04:51 PM
StressInterval                 5
TotalIntervalTime              11
UserIsAdmin                    True
WarmUpInterval                 1
WebServerPort                  8080


POD Information
PodName: TestPod
ServerName: TestServer

Starting ...
... Start Time: 11/30/2023 10:54:51 PM
... End Time: 11/30/2023 11:05:51 PM
... Duration: 11 minutes
... Running in Container: True
... User is Admin: True
... CPU Threads: 2
... Memory Threads: 2
... Warm Interval: 1 minutes
... Cool Interval: 0 minutes
... Stress Cycle: 10 minutes
... Stress Interval: 5 minutes
... Rest Interval: 5 minutes
... Randomized Interval(s): 

Starting web server ...
... Web server started on port 8080.

The SendMessages switch was detected.
Logging test messages with prefix 'UniqueMessagePrefix' every 15 seconds ...

Starting warm up interval ...
... Start Time: 11/30/2023 10:54:55 PM
... End Time: 11/30/2023 10:55:55 PM
... Duration: 1 minutes
... Interval will complete in 1 minute(s) ...
... Interval complete.

Starting stress/rest interval cycle ...
... Start Time: 11/30/2023 10:55:55 PM
... End Time: 11/30/2023 11:05:55 PM
... Duration: 10 minutes

Starting stress interval ...
... Start Time: 11/30/2023 10:55:55 PM
... End Time: 11/30/2023 11:00:55 PM
... Duration: 5 minutes
... CPU Threads: 2
... Memory Threads: 2
... Jobs started: 4
... Interval will complete in 5 minute(s) ...
